<?xml version="1.0" encoding="UTF-8"?>
<coverage generated="1528664498">
  <project timestamp="1528664498">
    <package name="Dhv\Domain\Model\User">
      <file name="/home/daniel/Proyectos/SIMULADOR/usersapp/src/Dhv/Domain/Model/User/ModelUser.php">
        <class name="Dhv\Domain\Model\User\ModelUser" namespace="Dhv\Domain\Model\User">
          <metrics complexity="7" methods="5" coveredmethods="5" conditionals="0" coveredconditionals="0" statements="15" coveredstatements="15" elements="20" coveredelements="20"/>
        </class>
        <line num="29" type="method" name="__construct" visibility="public" complexity="1" crap="1" count="4"/>
        <line num="31" type="stmt" count="4"/>
        <line num="32" type="stmt" count="3"/>
        <line num="33" type="stmt" count="3"/>
        <line num="38" type="method" name="setEmail" visibility="protected" complexity="2" crap="2" count="4"/>
        <line num="40" type="stmt" count="4"/>
        <line num="41" type="stmt" count="4"/>
        <line num="42" type="stmt" count="1"/>
        <line num="47" type="stmt" count="3"/>
        <line num="48" type="stmt" count="3"/>
        <line num="53" type="method" name="changePassword" visibility="public" complexity="2" crap="2" count="3"/>
        <line num="55" type="stmt" count="3"/>
        <line num="56" type="stmt" count="3"/>
        <line num="57" type="stmt" count="1"/>
        <line num="60" type="stmt" count="3"/>
        <line num="61" type="stmt" count="3"/>
        <line num="66" type="method" name="email" visibility="public" complexity="1" crap="1" count="1"/>
        <line num="68" type="stmt" count="1"/>
        <line num="74" type="method" name="password" visibility="public" complexity="1" crap="1" count="2"/>
        <line num="76" type="stmt" count="2"/>
        <metrics loc="78" ncloc="48" classes="1" methods="5" coveredmethods="5" conditionals="0" coveredconditionals="0" statements="15" coveredstatements="15" elements="20" coveredelements="20"/>
      </file>
    </package>
    <package name="Dhv\Domain\Services">
      <file name="/home/daniel/Proyectos/SIMULADOR/usersapp/src/Dhv/Domain/Services/FileFinder.php">
        <class name="Dhv\Domain\Services\FileFinder" namespace="Dhv\Domain\Services">
          <metrics complexity="4" methods="3" coveredmethods="3" conditionals="0" coveredconditionals="0" statements="6" coveredstatements="6" elements="9" coveredelements="9"/>
        </class>
        <line num="18" type="method" name="__construct" visibility="public" complexity="1" crap="1" count="4"/>
        <line num="20" type="stmt" count="4"/>
        <line num="21" type="stmt" count="4"/>
        <line num="23" type="method" name="findFile" visibility="public" complexity="2" crap="2" count="3"/>
        <line num="25" type="stmt" count="3"/>
        <line num="26" type="stmt" count="3"/>
        <line num="27" type="stmt" count="3"/>
        <line num="30" type="method" name="filename" visibility="public" complexity="1" crap="1" count="2"/>
        <line num="32" type="stmt" count="2"/>
        <metrics loc="33" ncloc="27" classes="1" methods="3" coveredmethods="3" conditionals="0" coveredconditionals="0" statements="6" coveredstatements="6" elements="9" coveredelements="9"/>
      </file>
    </package>
    <package name="Dhv\Infrastructure\Persistence\InMemory\User">
      <file name="/home/daniel/Proyectos/SIMULADOR/usersapp/src/Dhv/Infrastructure/Persistence/InMemory/User/InMemoryUserRepository.php">
        <class name="Dhv\Infrastructure\Persistence\InMemory\User\InMemoryUserRepository" namespace="Dhv\Infrastructure\Persistence\InMemory\User">
          <metrics complexity="14" methods="8" coveredmethods="5" conditionals="0" coveredconditionals="0" statements="17" coveredstatements="7" elements="25" coveredelements="12"/>
        </class>
        <line num="33" type="method" name="__construct" visibility="public" complexity="1" crap="1" count="1"/>
        <line num="35" type="stmt" count="1"/>
        <line num="36" type="stmt" count="1"/>
        <line num="41" type="method" name="findByEmail" visibility="public" complexity="3" crap="12.00" count="0"/>
        <line num="43" type="stmt" count="0"/>
        <line num="44" type="stmt" count="0"/>
        <line num="45" type="stmt" count="0"/>
        <line num="49" type="stmt" count="0"/>
        <line num="55" type="method" name="findByEmailAndPass" visibility="public" complexity="4" crap="20.00" count="0"/>
        <line num="57" type="stmt" count="0"/>
        <line num="58" type="stmt" count="0"/>
        <line num="59" type="stmt" count="0"/>
        <line num="63" type="stmt" count="0"/>
        <line num="69" type="method" name="addUser" visibility="public" complexity="1" crap="2.00" count="0"/>
        <line num="71" type="stmt" count="0"/>
        <line num="72" type="stmt" count="0"/>
        <line num="74" type="method" name="openFile" visibility="public" complexity="1" crap="1" count="1"/>
        <line num="76" type="stmt" count="1"/>
        <line num="77" type="stmt" count="1"/>
        <line num="79" type="method" name="file" visibility="public" complexity="1" crap="1" count="1"/>
        <line num="81" type="stmt" count="1"/>
        <line num="84" type="method" name="fileUrl" visibility="public" complexity="1" crap="1" count="1"/>
        <line num="86" type="stmt" count="1"/>
        <line num="89" type="method" name="hasFile" visibility="public" complexity="2" crap="2" count="1"/>
        <line num="91" type="stmt" count="1"/>
        <metrics loc="94" ncloc="67" classes="1" methods="8" coveredmethods="5" conditionals="0" coveredconditionals="0" statements="17" coveredstatements="7" elements="25" coveredelements="12"/>
      </file>
    </package>
    <package name="Dhv\UsersApp">
      <file name="/home/daniel/Proyectos/SIMULADOR/usersapp/src/Dhv/UsersApp/User.php">
        <class name="Dhv\UsersApp\User" namespace="Dhv\UsersApp">
          <metrics complexity="1" methods="1" coveredmethods="0" conditionals="0" coveredconditionals="0" statements="3" coveredstatements="0" elements="4" coveredelements="0"/>
        </class>
        <line num="9" type="method" name="__construct" visibility="public" complexity="1" crap="2.00" count="0"/>
        <line num="10" type="stmt" count="0"/>
        <line num="11" type="stmt" count="0"/>
        <line num="12" type="stmt" count="0"/>
        <metrics loc="12" ncloc="12" classes="1" methods="1" coveredmethods="0" conditionals="0" coveredconditionals="0" statements="3" coveredstatements="0" elements="4" coveredelements="0"/>
      </file>
    </package>
    <metrics files="4" loc="217" ncloc="154" classes="4" methods="17" coveredmethods="13" conditionals="0" coveredconditionals="0" statements="41" coveredstatements="28" elements="58" coveredelements="41"/>
  </project>
</coverage>
